  Lab1_2.cpp
C:\Users\Артем\source\repos\C++Lab1\Lab1_2\Lab1_2.cpp(11,5): warning C4477: "printf": в строке форматирования "%u" требуется аргумент типа "unsigned int", но вариативный аргумент "1" имеет тип "int *"
C:\Users\Артем\source\repos\C++Lab1\Lab1_2\Lab1_2.cpp(11,5): warning C4477: "printf": в строке форматирования "%u" требуется аргумент типа "unsigned int", но вариативный аргумент "3" имеет тип "int **"
C:\Users\Артем\source\repos\C++Lab1\Lab1_2\Lab1_2.cpp(13,5): warning C4477: "printf": в строке форматирования "%u" требуется аргумент типа "unsigned int", но вариативный аргумент "1" имеет тип "int *"
C:\Users\Артем\source\repos\C++Lab1\Lab1_2\Lab1_2.cpp(13,5): warning C4477: "printf": в строке форматирования "%u" требуется аргумент типа "unsigned int", но вариативный аргумент "3" имеет тип "int **"
C:\Users\Артем\source\repos\C++Lab1\Lab1_2\Lab1_2.cpp(14,5): warning C4477: "printf": в строке форматирования "%u" требуется аргумент типа "unsigned int", но вариативный аргумент "1" имеет тип "int *"
C:\Users\Артем\source\repos\C++Lab1\Lab1_2\Lab1_2.cpp(14,5): warning C4477: "printf": в строке форматирования "%u" требуется аргумент типа "unsigned int", но вариативный аргумент "3" имеет тип "int **"
C:\Users\Артем\source\repos\C++Lab1\Lab1_2\Lab1_2.cpp(23,5): warning C4477: "printf": в строке форматирования "%u" требуется аргумент типа "unsigned int", но вариативный аргумент "1" имеет тип "char *"
C:\Users\Артем\source\repos\C++Lab1\Lab1_2\Lab1_2.cpp(23,5): warning C4477: "printf": в строке форматирования "%u" требуется аргумент типа "unsigned int", но вариативный аргумент "3" имеет тип "char **"
C:\Users\Артем\source\repos\C++Lab1\Lab1_2\Lab1_2.cpp(25,5): warning C4477: "printf": в строке форматирования "%u" требуется аргумент типа "unsigned int", но вариативный аргумент "1" имеет тип "char *"
C:\Users\Артем\source\repos\C++Lab1\Lab1_2\Lab1_2.cpp(25,5): warning C4477: "printf": в строке форматирования "%u" требуется аргумент типа "unsigned int", но вариативный аргумент "3" имеет тип "char **"
C:\Users\Артем\source\repos\C++Lab1\Lab1_2\Lab1_2.cpp(26,5): warning C4477: "printf": в строке форматирования "%u" требуется аргумент типа "unsigned int", но вариативный аргумент "1" имеет тип "char *"
C:\Users\Артем\source\repos\C++Lab1\Lab1_2\Lab1_2.cpp(26,5): warning C4477: "printf": в строке форматирования "%u" требуется аргумент типа "unsigned int", но вариативный аргумент "3" имеет тип "char **"
C:\Users\Артем\source\repos\C++Lab1\Lab1_2\Lab1_2.cpp(35,5): warning C4477: "printf": в строке форматирования "%u" требуется аргумент типа "unsigned int", но вариативный аргумент "1" имеет тип "double *"
C:\Users\Артем\source\repos\C++Lab1\Lab1_2\Lab1_2.cpp(35,5): warning C4477: "printf": в строке форматирования "%d" требуется аргумент типа "int", но вариативный аргумент "2" имеет тип "double"
C:\Users\Артем\source\repos\C++Lab1\Lab1_2\Lab1_2.cpp(35,5): warning C4477: "printf": в строке форматирования "%u" требуется аргумент типа "unsigned int", но вариативный аргумент "3" имеет тип "double **"
C:\Users\Артем\source\repos\C++Lab1\Lab1_2\Lab1_2.cpp(37,5): warning C4477: "printf": в строке форматирования "%u" требуется аргумент типа "unsigned int", но вариативный аргумент "1" имеет тип "double *"
C:\Users\Артем\source\repos\C++Lab1\Lab1_2\Lab1_2.cpp(37,5): warning C4477: "printf": в строке форматирования "%d" требуется аргумент типа "int", но вариативный аргумент "2" имеет тип "double"
C:\Users\Артем\source\repos\C++Lab1\Lab1_2\Lab1_2.cpp(37,5): warning C4477: "printf": в строке форматирования "%u" требуется аргумент типа "unsigned int", но вариативный аргумент "3" имеет тип "double **"
C:\Users\Артем\source\repos\C++Lab1\Lab1_2\Lab1_2.cpp(38,5): warning C4477: "printf": в строке форматирования "%u" требуется аргумент типа "unsigned int", но вариативный аргумент "1" имеет тип "double *"
C:\Users\Артем\source\repos\C++Lab1\Lab1_2\Lab1_2.cpp(38,5): warning C4477: "printf": в строке форматирования "%d" требуется аргумент типа "int", но вариативный аргумент "2" имеет тип "double"
C:\Users\Артем\source\repos\C++Lab1\Lab1_2\Lab1_2.cpp(38,5): warning C4477: "printf": в строке форматирования "%u" требуется аргумент типа "unsigned int", но вариативный аргумент "3" имеет тип "double **"
  Lab1_2.vcxproj -> C:\Users\Артем\source\repos\C++Lab1\Debug\Lab1_2.exe
